c:\users\lenovo-pc\source\repos\6 semester\graphics\cursovaya_adutova\cursovaya\hello_window\x64\debug\vc142.pdb
c:\users\lenovo-pc\source\repos\6 semester\graphics\cursovaya_adutova\cursovaya\hello_window\x64\debug\vc142.idb
c:\users\lenovo-pc\source\repos\6 semester\graphics\cursovaya_adutova\cursovaya\hello_window\x64\debug\glad.obj
c:\users\lenovo-pc\source\repos\6 semester\graphics\cursovaya_adutova\cursovaya\hello_window\x64\debug\stb_image.obj
c:\users\lenovo-pc\source\repos\6 semester\graphics\cursovaya_adutova\cursovaya\hello_window\x64\debug\main.obj
c:\users\lenovo-pc\source\repos\6 semester\graphics\cursovaya_adutova\cursovaya\x64\debug\advanced lighting.ilk
c:\users\lenovo-pc\source\repos\6 semester\graphics\cursovaya_adutova\cursovaya\x64\debug\advanced lighting.exe
c:\users\lenovo-pc\source\repos\6 semester\graphics\cursovaya_adutova\cursovaya\x64\debug\advanced lighting.pdb
c:\users\lenovo-pc\source\repos\6 semester\graphics\adutova_opengl_3\cursovaya\hello_window\x64\debug\glad.obj
c:\users\lenovo-pc\source\repos\6 semester\graphics\adutova_opengl_3\cursovaya\hello_window\x64\debug\main.obj
c:\users\lenovo-pc\source\repos\6 semester\graphics\adutova_opengl_3\cursovaya\hello_window\x64\debug\stb_image.obj
c:\users\lenovo-pc\source\repos\6 semester\graphics\adutova_opengl_3\cursovaya\hello_window\x64\debug\vc142.idb
c:\users\lenovo-pc\source\repos\6 semester\graphics\adutova_opengl_3\cursovaya\hello_window\x64\debug\vc142.pdb
c:\users\lenovo-pc\source\repos\6 semester\graphics\adutova_opengl_3\cursovaya\x64\debug\advanced lighting.pdb
c:\users\lenovo-pc\source\repos\6 semester\graphics\adutova_opengl_3\cursovaya\x64\debug\advanced lighting.exe
c:\users\lenovo-pc\source\repos\6 semester\graphics\adutova_opengl_3\cursovaya\x64\debug\advanced lighting.ilk
c:\users\lenovo-pc\source\repos\6 semester\graphics\adutova_opengl_3\cursovaya\hello_window\x64\debug\advanced.576c38fb.tlog\cl.command.1.tlog
c:\users\lenovo-pc\source\repos\6 semester\graphics\adutova_opengl_3\cursovaya\hello_window\x64\debug\advanced.576c38fb.tlog\cl.read.1.tlog
c:\users\lenovo-pc\source\repos\6 semester\graphics\adutova_opengl_3\cursovaya\hello_window\x64\debug\advanced.576c38fb.tlog\cl.write.1.tlog
c:\users\lenovo-pc\source\repos\6 semester\graphics\adutova_opengl_3\cursovaya\hello_window\x64\debug\advanced.576c38fb.tlog\link.command.1.tlog
c:\users\lenovo-pc\source\repos\6 semester\graphics\adutova_opengl_3\cursovaya\hello_window\x64\debug\advanced.576c38fb.tlog\link.read.1.tlog
c:\users\lenovo-pc\source\repos\6 semester\graphics\adutova_opengl_3\cursovaya\hello_window\x64\debug\advanced.576c38fb.tlog\link.write.1.tlog
