C:\Program Files (x86)\Microsoft Visual Studio\2019\Community\MSBuild\Microsoft\VC\v160\Microsoft.CppBuild.targets(519,5): warning MSB8028: The intermediate directory (x64\Debug\) contains files shared from another project (Adutova_opengl_3.vcxproj, Advanced Lighting.vcxproj).  This can lead to incorrect clean and rebuild behavior.
  glad.c
  main.cpp
C:\Users\User\Desktop\КГ\Gaffarova_LR3\Hello_Window\shader.h(61,40): warning C4101: 'e': unreferenced local variable
C:\Users\User\Desktop\КГ\Gaffarova_LR3\Hello_Window\mesh.h(90,1): warning C4267: 'argument': conversion from 'size_t' to 'GLsizei', possible loss of data
C:\Users\User\Desktop\КГ\Gaffarova_LR3\Hello_Window\main.cpp(128,26): warning C4267: 'return': conversion from 'size_t' to 'GLsizei', possible loss of data
C:\Users\User\Desktop\КГ\Gaffarova_LR3\Hello_Window\main.cpp(133,21): warning C4244: 'initializing': conversion from 'int' to 'float', possible loss of data
C:\Users\User\Desktop\КГ\Gaffarova_LR3\Hello_Window\main.cpp(143,35): warning C4244: 'argument': conversion from 'double' to '_Ty', possible loss of data
          with
          [
              _Ty=float
          ]
C:\Users\User\Desktop\КГ\Gaffarova_LR3\Hello_Window\main.cpp(144,35): warning C4244: 'argument': conversion from 'double' to '_Ty', possible loss of data
          with
          [
              _Ty=float
          ]
C:\Users\User\Desktop\КГ\Gaffarova_LR3\Hello_Window\main.cpp(197,26): warning C4267: 'return': conversion from 'size_t' to 'GLsizei', possible loss of data
C:\Users\User\Desktop\КГ\Gaffarova_LR3\Hello_Window\main.cpp(202,21): warning C4244: 'initializing': conversion from 'int' to 'float', possible loss of data
C:\Users\User\Desktop\КГ\Gaffarova_LR3\Hello_Window\main.cpp(212,35): warning C4244: 'argument': conversion from 'double' to '_Ty', possible loss of data
          with
          [
              _Ty=float
          ]
C:\Users\User\Desktop\КГ\Gaffarova_LR3\Hello_Window\main.cpp(214,35): warning C4244: 'argument': conversion from 'double' to '_Ty', possible loss of data
          with
          [
              _Ty=float
          ]
C:\Users\User\Desktop\КГ\Gaffarova_LR3\Hello_Window\main.cpp(218,35): warning C4244: 'argument': conversion from 'double' to '_Ty', possible loss of data
          with
          [
              _Ty=float
          ]
C:\Users\User\Desktop\КГ\Gaffarova_LR3\Hello_Window\main.cpp(220,35): warning C4244: 'argument': conversion from 'double' to '_Ty', possible loss of data
          with
          [
              _Ty=float
          ]
C:\Users\User\Desktop\КГ\Gaffarova_LR3\Hello_Window\main.cpp(302,26): warning C4267: 'return': conversion from 'size_t' to 'GLsizei', possible loss of data
C:\Users\User\Desktop\КГ\Gaffarova_LR3\Hello_Window\main.cpp(344,26): warning C4267: 'return': conversion from 'size_t' to 'GLsizei', possible loss of data
C:\Users\User\Desktop\КГ\Gaffarova_LR3\Hello_Window\main.cpp(404,26): warning C4267: 'return': conversion from 'size_t' to 'GLsizei', possible loss of data
C:\Users\User\Desktop\КГ\Gaffarova_LR3\Hello_Window\main.cpp(749,58): warning C4305: 'argument': truncation from 'double' to 'const btScalar'
C:\Users\User\Desktop\КГ\Gaffarova_LR3\Hello_Window\main.cpp(820,55): warning C4305: 'argument': truncation from 'double' to 'const btScalar'
C:\Users\User\Desktop\КГ\Gaffarova_LR3\Hello_Window\main.cpp(870,30): warning C4244: 'initializing': conversion from 'double' to 'GLfloat', possible loss of data
C:\Users\User\Desktop\КГ\Gaffarova_LR3\Hello_Window\main.cpp(913,77): warning C4305: 'argument': truncation from 'double' to 'float'
C:\Users\User\Desktop\КГ\Gaffarova_LR3\Hello_Window\main.cpp(914,81): warning C4305: 'argument': truncation from 'double' to 'float'
C:\Users\User\Desktop\КГ\Gaffarova_LR3\Hello_Window\main.cpp(1262,79): warning C4267: 'argument': conversion from 'size_t' to 'GLsizei', possible loss of data
C:\Users\User\Desktop\КГ\Gaffarova_LR3\Hello_Window\main.cpp(1232,37): warning C4101: 'vboNormals': unreferenced local variable
  stb_image.cpp
  Generating Code...
LINK : warning LNK4098: defaultlib 'MSVCRTD' conflicts with use of other libs; use /NODEFAULTLIB:library
LINK : warning LNK4286: symbol 'free' defined in 'libucrtd.lib(free.obj)' is imported by 'glfw3.lib(win32_joystick.obj)'
LINK : warning LNK4286: symbol 'free' defined in 'libucrtd.lib(free.obj)' is imported by 'glfw3.lib(wgl_context.obj)'
LINK : warning LNK4286: symbol 'free' defined in 'libucrtd.lib(free.obj)' is imported by 'glfw3.lib(egl_context.obj)'
LINK : warning LNK4286: symbol 'free' defined in 'libucrtd.lib(free.obj)' is imported by 'glfw3.lib(osmesa_context.obj)'
LINK : warning LNK4286: symbol 'free' defined in 'libucrtd.lib(free.obj)' is imported by 'glfw3.lib(win32_monitor.obj)'
LINK : warning LNK4286: symbol 'free' defined in 'libucrtd.lib(free.obj)' is imported by 'glfw3.lib(monitor.obj)'
LINK : warning LNK4286: symbol 'free' defined in 'libucrtd.lib(free.obj)' is imported by 'glfw3.lib(vulkan.obj)'
LINK : warning LNK4286: symbol 'free' defined in 'libucrtd.lib(free.obj)' is imported by 'glfw3.lib(win32_window.obj)'
LINK : warning LNK4217: symbol 'free' defined in 'libucrtd.lib(free.obj)' is imported by 'glfw3.lib(init.obj)' in function 'terminate'
LINK : warning LNK4217: symbol 'free' defined in 'libucrtd.lib(free.obj)' is imported by 'glfw3.lib(window.obj)' in function 'glfwSetWindowAttrib'
LINK : warning LNK4286: symbol 'free' defined in 'libucrtd.lib(free.obj)' is imported by 'glfw3.lib(input.obj)'
LINK : warning LNK4286: symbol 'free' defined in 'libucrtd.lib(free.obj)' is imported by 'glfw3.lib(win32_init.obj)'
LINK : warning LNK4217: symbol '__stdio_common_vsprintf' defined in 'libucrtd.lib(output.obj)' is imported by 'glfw3.lib(init.obj)' in function 'vsnprintf'
LINK : warning LNK4286: symbol '__stdio_common_vsprintf' defined in 'libucrtd.lib(output.obj)' is imported by 'glfw3.lib(win32_joystick.obj)'
LINK : warning LNK4217: symbol '_wassert' defined in 'libucrtd.lib(assert.obj)' is imported by 'glfw3.lib(osmesa_context.obj)' in function '_glfwCreateContextOSMesa'
LINK : warning LNK4286: symbol '_wassert' defined in 'libucrtd.lib(assert.obj)' is imported by 'glfw3.lib(monitor.obj)'
LINK : warning LNK4217: symbol '_wassert' defined in 'libucrtd.lib(assert.obj)' is imported by 'glfw3.lib(vulkan.obj)' in function '_glfwGetVulkanResultString'
LINK : warning LNK4217: symbol '_wassert' defined in 'libucrtd.lib(assert.obj)' is imported by 'glfw3.lib(wgl_context.obj)' in function 'choosePixelFormat'
LINK : warning LNK4286: symbol '_wassert' defined in 'libucrtd.lib(assert.obj)' is imported by 'glfw3.lib(egl_context.obj)'
LINK : warning LNK4217: symbol '_wassert' defined in 'libucrtd.lib(assert.obj)' is imported by 'glfw3.lib(window.obj)' in function 'glfwWindowHintString'
LINK : warning LNK4286: symbol '_wassert' defined in 'libucrtd.lib(assert.obj)' is imported by 'glfw3.lib(input.obj)'
LINK : warning LNK4286: symbol '_wassert' defined in 'libucrtd.lib(assert.obj)' is imported by 'glfw3.lib(context.obj)'
LINK : warning LNK4286: symbol '_wassert' defined in 'libucrtd.lib(assert.obj)' is imported by 'glfw3.lib(win32_thread.obj)'
LINK : warning LNK4217: symbol 'strcspn' defined in 'libucrtd.lib(strcspn.obj)' is imported by 'glfw3.lib(input.obj)' in function 'glfwUpdateGamepadMappings'
LINK : warning LNK4217: symbol 'strncmp' defined in 'libucrtd.lib(strncmp.obj)' is imported by 'glfw3.lib(input.obj)' in function 'parseMapping'
LINK : warning LNK4286: symbol 'strncmp' defined in 'libucrtd.lib(strncmp.obj)' is imported by 'glfw3.lib(context.obj)'
LINK : warning LNK4286: symbol 'strncmp' defined in 'libucrtd.lib(strncmp.obj)' is imported by 'glfw3.lib(egl_context.obj)'
LINK : warning LNK4217: symbol 'realloc' defined in 'libucrtd.lib(realloc.obj)' is imported by 'glfw3.lib(input.obj)' in function 'glfwUpdateGamepadMappings'
LINK : warning LNK4286: symbol 'realloc' defined in 'libucrtd.lib(realloc.obj)' is imported by 'glfw3.lib(win32_monitor.obj)'
LINK : warning LNK4286: symbol 'realloc' defined in 'libucrtd.lib(realloc.obj)' is imported by 'glfw3.lib(monitor.obj)'
LINK : warning LNK4217: symbol 'strtoul' defined in 'libucrtd.lib(strtox.obj)' is imported by 'glfw3.lib(input.obj)' in function 'parseMapping'
LINK : warning LNK4217: symbol '__stdio_common_vsscanf' defined in 'libucrtd.lib(input.obj)' is imported by 'glfw3.lib(context.obj)' in function '_vsscanf_l'
LINK : warning LNK4217: symbol 'wcscmp' defined in 'libucrtd.lib(wcscmp.obj)' is imported by 'glfw3.lib(win32_monitor.obj)' in function '_glfwPollMonitorsWin32'
LINK : warning LNK4217: symbol 'qsort' defined in 'libucrtd.lib(qsort.obj)' is imported by 'glfw3.lib(monitor.obj)' in function 'refreshVideoModes'
LINK : warning LNK4286: symbol 'qsort' defined in 'libucrtd.lib(qsort.obj)' is imported by 'glfw3.lib(win32_joystick.obj)'
LINK : warning LNK4217: symbol 'powf' defined in 'libucrtd.lib(powf.obj)' is imported by 'glfw3.lib(monitor.obj)' in function 'glfwSetGamma'
main.obj : error LNK2019: unresolved external symbol "void * __cdecl btAlignedAllocInternal(unsigned __int64,int)" (?btAlignedAllocInternal@@YAPEAX_KH@Z) referenced in function "public: static void * __cdecl btBoxShape::operator new(unsigned __int64)" (??2btBoxShape@@SAPEAX_K@Z)
main.obj : error LNK2019: unresolved external symbol "void __cdecl btAlignedFreeInternal(void *)" (?btAlignedFreeInternal@@YAXPEAX@Z) referenced in function "public: static void __cdecl btBoxShape::operator delete(void *)" (??3btBoxShape@@SAXPEAX@Z)
main.obj : error LNK2019: unresolved external symbol "public: __cdecl btCollisionDispatcher::btCollisionDispatcher(class btCollisionConfiguration *)" (??0btCollisionDispatcher@@QEAA@PEAVbtCollisionConfiguration@@@Z) referenced in function main
main.obj : error LNK2001: unresolved external symbol "public: virtual void __cdecl btCollisionShape::getBoundingSphere(class btVector3 &,float &)const " (?getBoundingSphere@btCollisionShape@@UEBAXAEAVbtVector3@@AEAM@Z)
main.obj : error LNK2001: unresolved external symbol "public: virtual float __cdecl btCollisionShape::getAngularMotionDisc(void)const " (?getAngularMotionDisc@btCollisionShape@@UEBAMXZ)
main.obj : error LNK2001: unresolved external symbol "public: virtual float __cdecl btCollisionShape::getContactBreakingThreshold(float)const " (?getContactBreakingThreshold@btCollisionShape@@UEBAMM@Z)
main.obj : error LNK2019: unresolved external symbol "public: virtual char const * __cdecl btCollisionShape::serialize(void *,class btSerializer *)const " (?serialize@btCollisionShape@@UEBAPEBDPEAXPEAVbtSerializer@@@Z) referenced in function "public: virtual char const * __cdecl btConvexInternalShape::serialize(void *,class btSerializer *)const " (?serialize@btConvexInternalShape@@UEBAPEBDPEAXPEAVbtSerializer@@@Z)
main.obj : error LNK2001: unresolved external symbol "public: virtual void __cdecl btCollisionShape::serializeSingleShape(class btSerializer *)const " (?serializeSingleShape@btCollisionShape@@UEBAXPEAVbtSerializer@@@Z)
main.obj : error LNK2019: unresolved external symbol "public: virtual __cdecl btConvexShape::~btConvexShape(void)" (??1btConvexShape@@UEAA@XZ) referenced in function "public: virtual __cdecl btConvexInternalShape::~btConvexInternalShape(void)" (??1btConvexInternalShape@@UEAA@XZ)
main.obj : error LNK2001: unresolved external symbol "public: virtual void __cdecl btConvexShape::project(class btTransform const &,class btVector3 const &,float &,float &,class btVector3 &,class btVector3 &)const " (?project@btConvexShape@@UEBAXAEBVbtTransform@@AEBVbtVector3@@AEAM2AEAV3@3@Z)
main.obj : error LNK2019: unresolved external symbol "protected: __cdecl btConvexInternalShape::btConvexInternalShape(void)" (??0btConvexInternalShape@@IEAA@XZ) referenced in function "public: __cdecl btSphereShape::btSphereShape(float)" (??0btSphereShape@@QEAA@M@Z)
main.obj : error LNK2001: unresolved external symbol "public: virtual class btVector3 __cdecl btConvexInternalShape::localGetSupportingVertex(class btVector3 const &)const " (?localGetSupportingVertex@btConvexInternalShape@@UEBA?AVbtVector3@@AEBV2@@Z)
main.obj : error LNK2001: unresolved external symbol "public: virtual void __cdecl btConvexInternalShape::getAabbSlow(class btTransform const &,class btVector3 &,class btVector3 &)const " (?getAabbSlow@btConvexInternalShape@@UEBAXAEBVbtTransform@@AEAVbtVector3@@1@Z)
main.obj : error LNK2001: unresolved external symbol "public: virtual void __cdecl btConvexInternalShape::setLocalScaling(class btVector3 const &)" (?setLocalScaling@btConvexInternalShape@@UEAAXAEBVbtVector3@@@Z)
main.obj : error LNK2019: unresolved external symbol "public: __cdecl btBoxShape::btBoxShape(class btVector3 const &)" (??0btBoxShape@@QEAA@AEBVbtVector3@@@Z) referenced in function main
main.obj : error LNK2001: unresolved external symbol "public: virtual class btVector3 __cdecl btSphereShape::localGetSupportingVertex(class btVector3 const &)const " (?localGetSupportingVertex@btSphereShape@@UEBA?AVbtVector3@@AEBV2@@Z)
main.obj : error LNK2001: unresolved external symbol "public: virtual class btVector3 __cdecl btSphereShape::localGetSupportingVertexWithoutMargin(class btVector3 const &)const " (?localGetSupportingVertexWithoutMargin@btSphereShape@@UEBA?AVbtVector3@@AEBV2@@Z)
main.obj : error LNK2001: unresolved external symbol "public: virtual void __cdecl btSphereShape::batchedUnitVectorGetSupportingVertexWithoutMargin(class btVector3 const *,class btVector3 *,int)const " (?batchedUnitVectorGetSupportingVertexWithoutMargin@btSphereShape@@UEBAXPEBVbtVector3@@PEAV2@H@Z)
main.obj : error LNK2001: unresolved external symbol "public: virtual void __cdecl btSphereShape::calculateLocalInertia(float,class btVector3 &)const " (?calculateLocalInertia@btSphereShape@@UEBAXMAEAVbtVector3@@@Z)
main.obj : error LNK2001: unresolved external symbol "public: virtual void __cdecl btSphereShape::getAabb(class btTransform const &,class btVector3 &,class btVector3 &)const " (?getAabb@btSphereShape@@UEBAXAEBVbtTransform@@AEAVbtVector3@@1@Z)
main.obj : error LNK2019: unresolved external symbol "public: __cdecl btDefaultCollisionConfiguration::btDefaultCollisionConfiguration(struct btDefaultCollisionConstructionInfo const &)" (??0btDefaultCollisionConfiguration@@QEAA@AEBUbtDefaultCollisionConstructionInfo@@@Z) referenced in function main
main.obj : error LNK2019: unresolved external symbol "public: __cdecl btDbvtBroadphase::btDbvtBroadphase(class btOverlappingPairCache *)" (??0btDbvtBroadphase@@QEAA@PEAVbtOverlappingPairCache@@@Z) referenced in function main
main.obj : error LNK2019: unresolved external symbol "public: __cdecl btDiscreteDynamicsWorld::btDiscreteDynamicsWorld(class btDispatcher *,class btBroadphaseInterface *,class btConstraintSolver *,class btCollisionConfiguration *)" (??0btDiscreteDynamicsWorld@@QEAA@PEAVbtDispatcher@@PEAVbtBroadphaseInterface@@PEAVbtConstraintSolver@@PEAVbtCollisionConfiguration@@@Z) referenced in function main
main.obj : error LNK2019: unresolved external symbol "public: __cdecl btRigidBody::btRigidBody(struct btRigidBody::btRigidBodyConstructionInfo const &)" (??0btRigidBody@@QEAA@AEBUbtRigidBodyConstructionInfo@0@@Z) referenced in function main
main.obj : error LNK2019: unresolved external symbol "public: __cdecl btSequentialImpulseConstraintSolver::btSequentialImpulseConstraintSolver(void)" (??0btSequentialImpulseConstraintSolver@@QEAA@XZ) referenced in function main
glfw3.lib(win32_joystick.obj) : error LNK2001: unresolved external symbol __imp_calloc
glfw3.lib(wgl_context.obj) : error LNK2001: unresolved external symbol __imp_calloc
glfw3.lib(egl_context.obj) : error LNK2001: unresolved external symbol __imp_calloc
glfw3.lib(osmesa_context.obj) : error LNK2001: unresolved external symbol __imp_calloc
glfw3.lib(win32_monitor.obj) : error LNK2001: unresolved external symbol __imp_calloc
glfw3.lib(monitor.obj) : error LNK2001: unresolved external symbol __imp_calloc
glfw3.lib(vulkan.obj) : error LNK2001: unresolved external symbol __imp_calloc
glfw3.lib(win32_window.obj) : error LNK2001: unresolved external symbol __imp_calloc
glfw3.lib(init.obj) : error LNK2001: unresolved external symbol __imp_calloc
glfw3.lib(window.obj) : error LNK2001: unresolved external symbol __imp_calloc
glfw3.lib(input.obj) : error LNK2001: unresolved external symbol __imp_calloc
glfw3.lib(win32_init.obj) : error LNK2001: unresolved external symbol __imp_calloc
glfw3.lib(window.obj) : error LNK2019: unresolved external symbol __imp_strncpy referenced in function glfwWindowHintString
glfw3.lib(input.obj) : error LNK2001: unresolved external symbol __imp_strncpy
glfw3.lib(win32_joystick.obj) : error LNK2001: unresolved external symbol __imp_strncpy
glfw3.lib(input.obj) : error LNK2019: unresolved external symbol __imp_strspn referenced in function glfwUpdateGamepadMappings
glfw3.lib(win32_monitor.obj) : error LNK2019: unresolved external symbol __imp_wcscpy referenced in function createMonitor
C:\OpenGL\bullet\bin\BulletDynamics_vs2010_debug.lib : warning LNK4272: library machine type 'x86' conflicts with target machine type 'x64'
C:\OpenGL\bullet\bin\BulletCollision_vs2010_debug.lib : warning LNK4272: library machine type 'x86' conflicts with target machine type 'x64'
C:\OpenGL\bullet\bin\LinearMath_vs2010_debug.lib : warning LNK4272: library machine type 'x86' conflicts with target machine type 'x64'
C:\Users\User\Desktop\КГ\Gaffarova_LR3\x64\Debug\Gaffarova_LR3.exe : fatal error LNK1120: 29 unresolved externals
